<?xml version="1.0" encoding="UTF-8"?>
<!-- Generated by org.testng.reporters.JUnitReportReporter -->
<testsuite hostname="fv-az74-422" failures="0" tests="2" name="runner.TestRunner" time="14.110" errors="0" timestamp="2021-10-14T10:16:08 UTC" skipped="0">
  <testcase classname="runner.TestRunner" name="runScenario" time="0.972"/>
  <system-out/>
  <testcase classname="runner.TestRunner" name="runScenario" time="13.138"/>
  <system-out/>
</testsuite> <!-- runner.TestRunner -->
