<?xml version="1.0" encoding="UTF-8"?>
<!-- Generated by org.testng.reporters.JUnitReportReporter -->
<testsuite hostname="fv-az121-306" failures="0" tests="2" name="runner.TestRunner" time="9.169" errors="0" timestamp="2021-10-18T09:10:56 UTC" skipped="0">
  <testcase classname="runner.TestRunner" name="runScenario" time="0.743"/>
  <system-out/>
  <testcase classname="runner.TestRunner" name="runScenario" time="8.426"/>
  <system-out/>
</testsuite> <!-- runner.TestRunner -->
