<?xml version="1.0" encoding="UTF-8"?>
<!-- Generated by org.testng.reporters.JUnitReportReporter -->
<testsuite hostname="fv-az36-216" failures="0" tests="2" name="runner.TestRunner" time="8.696" errors="0" timestamp="2021-10-14T09:40:54 UTC" skipped="0">
  <testcase classname="runner.TestRunner" name="runScenario" time="1.336"/>
  <system-out/>
  <testcase classname="runner.TestRunner" name="runScenario" time="7.360"/>
  <system-out/>
</testsuite> <!-- runner.TestRunner -->
