<?xml version="1.0" encoding="UTF-8"?>
<!-- Generated by org.testng.reporters.JUnitReportReporter -->
<testsuite hostname="fv-az39-561" failures="0" tests="2" name="runner.TestRunner" time="5.826" errors="0" timestamp="2021-10-14T07:28:07 UTC" skipped="0">
  <testcase classname="runner.TestRunner" name="runScenario" time="1.089"/>
  <system-out/>
  <testcase classname="runner.TestRunner" name="runScenario" time="4.737"/>
  <system-out/>
</testsuite> <!-- runner.TestRunner -->
