<?xml version="1.0" encoding="UTF-8"?>
<!-- Generated by org.testng.reporters.JUnitReportReporter -->
<testsuite hostname="fv-az33-173" failures="0" tests="2" name="runner.TestRunner" time="5.905" errors="0" timestamp="2021-07-18T14:49:38 UTC" skipped="0">
  <testcase classname="runner.TestRunner" name="runScenario" time="1.018"/>
  <system-out/>
  <testcase classname="runner.TestRunner" name="runScenario" time="4.887"/>
  <system-out/>
</testsuite> <!-- runner.TestRunner -->
