<?xml version="1.0" encoding="UTF-8"?>
<!-- Generated by org.testng.reporters.JUnitReportReporter -->
<testsuite hostname="fv-az36-216" failures="0" tests="2" name="runner.TestRunner" time="16.761" errors="0" timestamp="2021-10-14T09:11:13 UTC" skipped="0">
  <testcase classname="runner.TestRunner" name="runScenario" time="15.659"/>
  <system-out/>
  <testcase classname="runner.TestRunner" name="runScenario" time="1.102"/>
  <system-out/>
</testsuite> <!-- runner.TestRunner -->
